   Compiling redberry-embed v0.1.0 (/Users/vidyabodepudi/Documents/Code Projects/Redberry/crates/redberry-embed)
warning: value assigned to `consecutive_bad` is never read
  --> crates/redberry-embed/src/cache.rs:74:35
   |
74 |         let mut consecutive_bad = 0;
   |                                   ^
   |
   = help: maybe it is overwritten before being read?
   = note: `#[warn(unused_assignments)]` (part of `#[warn(unused)]`) on by default

warning: `redberry-embed` (lib) generated 1 warning
   Compiling redberry-ui v0.1.0 (/Users/vidyabodepudi/Documents/Code Projects/Redberry/crates/redberry-ui)
warning: unused imports: `ContextMessage` and `SessionContext`
 --> crates/redberry-ui/src/main.rs:8:21
  |
8 | use redberry_core::{ContextMessage, RedberryConfig, SessionContext};
  |                     ^^^^^^^^^^^^^^                  ^^^^^^^^^^^^^^
  |
  = note: `#[warn(unused_imports)]` (part of `#[warn(unused)]`) on by default

warning: `redberry-ui` (bin "redberry-ui") generated 1 warning (run `cargo fix --bin "redberry-ui" -p redberry-ui` to apply 1 suggestion)
    Finished `dev` profile [unoptimized + debuginfo] target(s) in 1.10s
     Running `target/debug/redberry-ui`
